Build started 10/1/2011 17:33:09.
     1>Project "C:\Users\Administrator\Documents\Larry\Motion track\libpng\projects\vstudio\zlib\zlib.vcxproj" on node 2 (build target(s)).
     1>PrepareForBuild:
         Creating directory "C:\Users\Administrator\Documents\Larry\Motion track\libpng\projects\vstudio\Debug Library\".
       InitializeBuildStatus:
         Creating "Debug Library\zlib.unsuccessfulbuild" because "AlwaysCreate" was specified.
       ClCompile:
         c:\Program Files (x86)\Microsoft Visual Studio 10.0\VC\bin\CL.exe /c /Zi /nologo /W0 /WX- /Od /Oy- /D WIN32 /D _DEBUG /D _WINDOWS /Gm- /EHsc /MTd /GS /fp:precise /Zc:wchar_t /Zc:forScope /Fo"Debug Library\\" /Fd"Debug Library\vc100.pdb" /FR"Debug Library\\" /Gd /TC /analyze- /errorReport:prompt "..\..\..\..\zlib-1.2.5\adler32.c" "..\..\..\..\zlib-1.2.5\compress.c" "..\..\..\..\zlib-1.2.5\crc32.c" "..\..\..\..\zlib-1.2.5\deflate.c" "..\..\..\..\zlib-1.2.5\infback.c" "..\..\..\..\zlib-1.2.5\inffast.c" "..\..\..\..\zlib-1.2.5\inflate.c" "..\..\..\..\zlib-1.2.5\inftrees.c" "..\..\..\..\zlib-1.2.5\trees.c" "..\..\..\..\zlib-1.2.5\uncompr.c" "..\..\..\..\zlib-1.2.5\zutil.c"
         adler32.c
         compress.c
         crc32.c
         deflate.c
         infback.c
         inffast.c
         inflate.c
         inftrees.c
         trees.c
         uncompr.c
         zutil.c
         Generating Code...
       Lib:
         c:\Program Files (x86)\Microsoft Visual Studio 10.0\VC\bin\Lib.exe /OUT:"C:\Users\Administrator\Documents\Larry\Motion track\libpng\projects\vstudio\Debug Library\zlib.lib" /NOLOGO "Debug Library\adler32.obj"
         "Debug Library\compress.obj"
         "Debug Library\crc32.obj"
         "Debug Library\deflate.obj"
         "Debug Library\infback.obj"
         "Debug Library\inffast.obj"
         "Debug Library\inflate.obj"
         "Debug Library\inftrees.obj"
         "Debug Library\trees.obj"
         "Debug Library\uncompr.obj"
         "Debug Library\zutil.obj"
         zlib.vcxproj -> C:\Users\Administrator\Documents\Larry\Motion track\libpng\projects\vstudio\Debug Library\zlib.lib
       BscMake:
         c:\Program Files (x86)\Microsoft Visual Studio 10.0\VC\bin\bscmake.exe /nologo /o"C:\Users\Administrator\Documents\Larry\Motion track\libpng\projects\vstudio\Debug Library\zlib.bsc" "Debug Library\adler32.sbr" "Debug Library\compress.sbr" "Debug Library\crc32.sbr" "Debug Library\deflate.sbr" "Debug Library\infback.sbr" "Debug Library\inffast.sbr" "Debug Library\inflate.sbr" "Debug Library\inftrees.sbr" "Debug Library\trees.sbr" "Debug Library\uncompr.sbr" "Debug Library\zutil.sbr"
       FinalizeBuildStatus:
         Deleting file "Debug Library\zlib.unsuccessfulbuild".
         Touching "Debug Library\zlib.lastbuildstate".
     1>Done Building Project "C:\Users\Administrator\Documents\Larry\Motion track\libpng\projects\vstudio\zlib\zlib.vcxproj" (build target(s)).

Build succeeded.

Time Elapsed 00:00:00.64
